2023-07-26 04:02:38,580 [Worker-1: Loading available Gradle versions] INFO  o.e.b.c.i.u.g.PublishedGradleVersions - Gradle version information cache is up-to-date. Trying to read.
2023-07-26 04:14:45,335 [Worker-0: Loading available Gradle versions] INFO  o.e.b.c.i.u.g.PublishedGradleVersions - Gradle version information cache is up-to-date. Trying to read.
2023-07-26 04:19:28,281 [Worker-0: Loading available Gradle versions] INFO  o.e.b.c.i.u.g.PublishedGradleVersions - Gradle version information cache is up-to-date. Trying to read.
2023-07-26 04:32:30,736 [Worker-0: Loading available Gradle versions] INFO  o.e.b.c.i.u.g.PublishedGradleVersions - Gradle version information cache is up-to-date. Trying to read.
2023-07-26 04:54:33,239 [Worker-2: Loading available Gradle versions] INFO  o.e.b.c.i.u.g.PublishedGradleVersions - Gradle version information cache is up-to-date. Trying to read.
2023-07-26 06:20:22,690 [Worker-0: Loading available Gradle versions] INFO  o.e.b.c.i.u.g.PublishedGradleVersions - Gradle version information cache is up-to-date. Trying to read.
2023-07-26 06:50:54,690 [ModalContext] INFO  o.e.m.c.i.e.AbstractTransferListenerAdapter - Downloading https://repo.maven.apache.org/maven2/org/apache/maven/archetypes/maven-archetype-quickstart/1.4/maven-archetype-quickstart-1.4.pom
2023-07-26 06:50:54,881 [ModalContext] INFO  o.e.m.c.i.e.AbstractTransferListenerAdapter - Downloaded https://repo.maven.apache.org/maven2/org/apache/maven/archetypes/maven-archetype-quickstart/1.4/maven-archetype-quickstart-1.4.pom
2023-07-26 06:50:54,969 [ModalContext] INFO  o.e.m.c.i.e.AbstractTransferListenerAdapter - Downloading https://repo.maven.apache.org/maven2/org/apache/maven/archetypes/maven-archetype-bundles/1.4/maven-archetype-bundles-1.4.pom
2023-07-26 06:50:55,065 [ModalContext] INFO  o.e.m.c.i.e.AbstractTransferListenerAdapter - Downloaded https://repo.maven.apache.org/maven2/org/apache/maven/archetypes/maven-archetype-bundles/1.4/maven-archetype-bundles-1.4.pom
2023-07-26 06:50:55,122 [ModalContext] INFO  o.e.m.c.i.e.AbstractTransferListenerAdapter - Downloading https://repo.maven.apache.org/maven2/org/apache/maven/maven-parent/33/maven-parent-33.pom
2023-07-26 06:50:55,311 [ModalContext] INFO  o.e.m.c.i.e.AbstractTransferListenerAdapter - Downloaded https://repo.maven.apache.org/maven2/org/apache/maven/maven-parent/33/maven-parent-33.pom
2023-07-26 06:50:55,399 [ModalContext] INFO  o.e.m.c.i.e.AbstractTransferListenerAdapter - Downloading https://repo.maven.apache.org/maven2/org/apache/apache/21/apache-21.pom
2023-07-26 06:50:55,538 [ModalContext] INFO  o.e.m.c.i.e.AbstractTransferListenerAdapter - Downloaded https://repo.maven.apache.org/maven2/org/apache/apache/21/apache-21.pom
2023-07-26 06:50:55,664 [ModalContext] INFO  o.e.m.c.i.e.AbstractTransferListenerAdapter - Downloading https://repo.maven.apache.org/maven2/org/apache/maven/archetypes/maven-archetype-quickstart/1.4/maven-archetype-quickstart-1.4.jar
2023-07-26 06:50:55,906 [ModalContext] INFO  o.e.m.c.i.e.AbstractTransferListenerAdapter - Downloaded https://repo.maven.apache.org/maven2/org/apache/maven/archetypes/maven-archetype-quickstart/1.4/maven-archetype-quickstart-1.4.jar
2023-07-26 06:52:17,851 [Worker-21: Launching mavenrun-06463709-0eda-4d3c-943c-710ae3081bd3] INFO  o.eclipse.m2e.core.internal.Bundles - getClasspathEntries(Bundle=org.eclipse.m2e.maven.runtime_3.9.100.20230519-1558 [290])
2023-07-26 06:52:17,858 [Worker-21: Launching mavenrun-06463709-0eda-4d3c-943c-710ae3081bd3] INFO  o.eclipse.m2e.core.internal.Bundles - 	Entry: C:\Users\LENOVO T450\.p2\pool\plugins\org.eclipse.m2e.maven.runtime_3.9.100.20230519-1558
2023-07-26 06:52:17,859 [Worker-21: Launching mavenrun-06463709-0eda-4d3c-943c-710ae3081bd3] INFO  o.eclipse.m2e.core.internal.Bundles - 	Entry: C:\Users\LENOVO T450\.p2\pool\plugins\org.eclipse.m2e.maven.runtime_3.9.100.20230519-1558\jars\aether-connector-okhttp-0.17.8.jar
2023-07-26 06:52:17,859 [Worker-21: Launching mavenrun-06463709-0eda-4d3c-943c-710ae3081bd3] INFO  o.eclipse.m2e.core.internal.Bundles - 	Entry: C:\Users\LENOVO T450\.p2\pool\plugins\org.eclipse.m2e.maven.runtime_3.9.100.20230519-1558\jars\aopalliance-1.0.jar
2023-07-26 06:52:17,860 [Worker-21: Launching mavenrun-06463709-0eda-4d3c-943c-710ae3081bd3] INFO  o.eclipse.m2e.core.internal.Bundles - 	Entry: C:\Users\LENOVO T450\.p2\pool\plugins\org.eclipse.m2e.maven.runtime_3.9.100.20230519-1558\jars\commons-lang3-3.8.1.jar
2023-07-26 06:52:17,860 [Worker-21: Launching mavenrun-06463709-0eda-4d3c-943c-710ae3081bd3] INFO  o.eclipse.m2e.core.internal.Bundles - 	Entry: C:\Users\LENOVO T450\.p2\pool\plugins\org.eclipse.m2e.maven.runtime_3.9.100.20230519-1558\jars\failureaccess-1.0.1.jar
2023-07-26 06:52:17,861 [Worker-21: Launching mavenrun-06463709-0eda-4d3c-943c-710ae3081bd3] INFO  o.eclipse.m2e.core.internal.Bundles - 	Entry: C:\Users\LENOVO T450\.p2\pool\plugins\org.eclipse.m2e.maven.runtime_3.9.100.20230519-1558\jars\guava-30.1-jre.jar
2023-07-26 06:52:17,861 [Worker-21: Launching mavenrun-06463709-0eda-4d3c-943c-710ae3081bd3] INFO  o.eclipse.m2e.core.internal.Bundles - 	Entry: C:\Users\LENOVO T450\.p2\pool\plugins\org.eclipse.m2e.maven.runtime_3.9.100.20230519-1558\jars\guice-5.1.0.jar
2023-07-26 06:52:17,861 [Worker-21: Launching mavenrun-06463709-0eda-4d3c-943c-710ae3081bd3] INFO  o.eclipse.m2e.core.internal.Bundles - 	Entry: C:\Users\LENOVO T450\.p2\pool\plugins\org.eclipse.m2e.maven.runtime_3.9.100.20230519-1558\jars\jansi-2.4.0.jar
2023-07-26 06:52:17,861 [Worker-21: Launching mavenrun-06463709-0eda-4d3c-943c-710ae3081bd3] INFO  o.eclipse.m2e.core.internal.Bundles - 	Entry: C:\Users\LENOVO T450\.p2\pool\plugins\org.eclipse.m2e.maven.runtime_3.9.100.20230519-1558\jars\maven-artifact-3.9.1.jar
2023-07-26 06:52:17,862 [Worker-21: Launching mavenrun-06463709-0eda-4d3c-943c-710ae3081bd3] INFO  o.eclipse.m2e.core.internal.Bundles - 	Entry: C:\Users\LENOVO T450\.p2\pool\plugins\org.eclipse.m2e.maven.runtime_3.9.100.20230519-1558\jars\maven-builder-support-3.9.1.jar
2023-07-26 06:52:17,862 [Worker-21: Launching mavenrun-06463709-0eda-4d3c-943c-710ae3081bd3] INFO  o.eclipse.m2e.core.internal.Bundles - 	Entry: C:\Users\LENOVO T450\.p2\pool\plugins\org.eclipse.m2e.maven.runtime_3.9.100.20230519-1558\jars\maven-compat-3.9.1.jar
2023-07-26 06:52:17,862 [Worker-21: Launching mavenrun-06463709-0eda-4d3c-943c-710ae3081bd3] INFO  o.eclipse.m2e.core.internal.Bundles - 	Entry: C:\Users\LENOVO T450\.p2\pool\plugins\org.eclipse.m2e.maven.runtime_3.9.100.20230519-1558\jars\maven-core-3.9.1.jar
2023-07-26 06:52:17,863 [Worker-21: Launching mavenrun-06463709-0eda-4d3c-943c-710ae3081bd3] INFO  o.eclipse.m2e.core.internal.Bundles - 	Entry: C:\Users\LENOVO T450\.p2\pool\plugins\org.eclipse.m2e.maven.runtime_3.9.100.20230519-1558\jars\maven-embedder-3.9.1.jar
2023-07-26 06:52:17,863 [Worker-21: Launching mavenrun-06463709-0eda-4d3c-943c-710ae3081bd3] INFO  o.eclipse.m2e.core.internal.Bundles - 	Entry: C:\Users\LENOVO T450\.p2\pool\plugins\org.eclipse.m2e.maven.runtime_3.9.100.20230519-1558\jars\maven-model-3.9.1.jar
2023-07-26 06:52:17,863 [Worker-21: Launching mavenrun-06463709-0eda-4d3c-943c-710ae3081bd3] INFO  o.eclipse.m2e.core.internal.Bundles - 	Entry: C:\Users\LENOVO T450\.p2\pool\plugins\org.eclipse.m2e.maven.runtime_3.9.100.20230519-1558\jars\maven-model-builder-3.9.1.jar
2023-07-26 06:52:17,863 [Worker-21: Launching mavenrun-06463709-0eda-4d3c-943c-710ae3081bd3] INFO  o.eclipse.m2e.core.internal.Bundles - 	Entry: C:\Users\LENOVO T450\.p2\pool\plugins\org.eclipse.m2e.maven.runtime_3.9.100.20230519-1558\jars\maven-plugin-api-3.9.1.jar
2023-07-26 06:52:17,863 [Worker-21: Launching mavenrun-06463709-0eda-4d3c-943c-710ae3081bd3] INFO  o.eclipse.m2e.core.internal.Bundles - 	Entry: C:\Users\LENOVO T450\.p2\pool\plugins\org.eclipse.m2e.maven.runtime_3.9.100.20230519-1558\jars\maven-repository-metadata-3.9.1.jar
2023-07-26 06:52:17,864 [Worker-21: Launching mavenrun-06463709-0eda-4d3c-943c-710ae3081bd3] INFO  o.eclipse.m2e.core.internal.Bundles - 	Entry: C:\Users\LENOVO T450\.p2\pool\plugins\org.eclipse.m2e.maven.runtime_3.9.100.20230519-1558\jars\maven-resolver-api-1.9.7.jar
2023-07-26 06:52:17,864 [Worker-21: Launching mavenrun-06463709-0eda-4d3c-943c-710ae3081bd3] INFO  o.eclipse.m2e.core.internal.Bundles - 	Entry: C:\Users\LENOVO T450\.p2\pool\plugins\org.eclipse.m2e.maven.runtime_3.9.100.20230519-1558\jars\maven-resolver-connector-basic-1.9.7.jar
2023-07-26 06:52:17,864 [Worker-21: Launching mavenrun-06463709-0eda-4d3c-943c-710ae3081bd3] INFO  o.eclipse.m2e.core.internal.Bundles - 	Entry: C:\Users\LENOVO T450\.p2\pool\plugins\org.eclipse.m2e.maven.runtime_3.9.100.20230519-1558\jars\maven-resolver-impl-1.9.7.jar
2023-07-26 06:52:17,865 [Worker-21: Launching mavenrun-06463709-0eda-4d3c-943c-710ae3081bd3] INFO  o.eclipse.m2e.core.internal.Bundles - 	Entry: C:\Users\LENOVO T450\.p2\pool\plugins\org.eclipse.m2e.maven.runtime_3.9.100.20230519-1558\jars\maven-resolver-named-locks-1.9.7.jar
2023-07-26 06:52:17,865 [Worker-21: Launching mavenrun-06463709-0eda-4d3c-943c-710ae3081bd3] INFO  o.eclipse.m2e.core.internal.Bundles - 	Entry: C:\Users\LENOVO T450\.p2\pool\plugins\org.eclipse.m2e.maven.runtime_3.9.100.20230519-1558\jars\maven-resolver-provider-3.9.1.jar
2023-07-26 06:52:17,865 [Worker-21: Launching mavenrun-06463709-0eda-4d3c-943c-710ae3081bd3] INFO  o.eclipse.m2e.core.internal.Bundles - 	Entry: C:\Users\LENOVO T450\.p2\pool\plugins\org.eclipse.m2e.maven.runtime_3.9.100.20230519-1558\jars\maven-resolver-spi-1.9.7.jar
2023-07-26 06:52:17,866 [Worker-21: Launching mavenrun-06463709-0eda-4d3c-943c-710ae3081bd3] INFO  o.eclipse.m2e.core.internal.Bundles - 	Entry: C:\Users\LENOVO T450\.p2\pool\plugins\org.eclipse.m2e.maven.runtime_3.9.100.20230519-1558\jars\maven-resolver-transport-wagon-1.9.7.jar
2023-07-26 06:52:17,866 [Worker-21: Launching mavenrun-06463709-0eda-4d3c-943c-710ae3081bd3] INFO  o.eclipse.m2e.core.internal.Bundles - 	Entry: C:\Users\LENOVO T450\.p2\pool\plugins\org.eclipse.m2e.maven.runtime_3.9.100.20230519-1558\jars\maven-resolver-util-1.9.7.jar
2023-07-26 06:52:17,867 [Worker-21: Launching mavenrun-06463709-0eda-4d3c-943c-710ae3081bd3] INFO  o.eclipse.m2e.core.internal.Bundles - 	Entry: C:\Users\LENOVO T450\.p2\pool\plugins\org.eclipse.m2e.maven.runtime_3.9.100.20230519-1558\jars\maven-settings-3.9.1.jar
2023-07-26 06:52:17,868 [Worker-21: Launching mavenrun-06463709-0eda-4d3c-943c-710ae3081bd3] INFO  o.eclipse.m2e.core.internal.Bundles - 	Entry: C:\Users\LENOVO T450\.p2\pool\plugins\org.eclipse.m2e.maven.runtime_3.9.100.20230519-1558\jars\maven-settings-builder-3.9.1.jar
2023-07-26 06:52:17,868 [Worker-21: Launching mavenrun-06463709-0eda-4d3c-943c-710ae3081bd3] INFO  o.eclipse.m2e.core.internal.Bundles - 	Entry: C:\Users\LENOVO T450\.p2\pool\plugins\org.eclipse.m2e.maven.runtime_3.9.100.20230519-1558\jars\maven-shared-utils-3.3.4.jar
2023-07-26 06:52:17,869 [Worker-21: Launching mavenrun-06463709-0eda-4d3c-943c-710ae3081bd3] INFO  o.eclipse.m2e.core.internal.Bundles - 	Entry: C:\Users\LENOVO T450\.p2\pool\plugins\org.eclipse.m2e.maven.runtime_3.9.100.20230519-1558\jars\okhttp-3.14.1.jar
2023-07-26 06:52:17,869 [Worker-21: Launching mavenrun-06463709-0eda-4d3c-943c-710ae3081bd3] INFO  o.eclipse.m2e.core.internal.Bundles - 	Entry: C:\Users\LENOVO T450\.p2\pool\plugins\org.eclipse.m2e.maven.runtime_3.9.100.20230519-1558\jars\okio-1.17.3.jar
2023-07-26 06:52:17,870 [Worker-21: Launching mavenrun-06463709-0eda-4d3c-943c-710ae3081bd3] INFO  o.eclipse.m2e.core.internal.Bundles - 	Entry: C:\Users\LENOVO T450\.p2\pool\plugins\org.eclipse.m2e.maven.runtime_3.9.100.20230519-1558\jars\org.eclipse.sisu.inject-0.3.5.jar
2023-07-26 06:52:17,870 [Worker-21: Launching mavenrun-06463709-0eda-4d3c-943c-710ae3081bd3] INFO  o.eclipse.m2e.core.internal.Bundles - 	Entry: C:\Users\LENOVO T450\.p2\pool\plugins\org.eclipse.m2e.maven.runtime_3.9.100.20230519-1558\jars\org.eclipse.sisu.plexus-0.3.5.jar
2023-07-26 06:52:17,870 [Worker-21: Launching mavenrun-06463709-0eda-4d3c-943c-710ae3081bd3] INFO  o.eclipse.m2e.core.internal.Bundles - 	Entry: C:\Users\LENOVO T450\.p2\pool\plugins\org.eclipse.m2e.maven.runtime_3.9.100.20230519-1558\jars\plexus-build-api-0.0.7.jar
2023-07-26 06:52:17,870 [Worker-21: Launching mavenrun-06463709-0eda-4d3c-943c-710ae3081bd3] INFO  o.eclipse.m2e.core.internal.Bundles - 	Entry: C:\Users\LENOVO T450\.p2\pool\plugins\org.eclipse.m2e.maven.runtime_3.9.100.20230519-1558\jars\plexus-cipher-2.0.jar
2023-07-26 06:52:17,871 [Worker-21: Launching mavenrun-06463709-0eda-4d3c-943c-710ae3081bd3] INFO  o.eclipse.m2e.core.internal.Bundles - 	Entry: C:\Users\LENOVO T450\.p2\pool\plugins\org.eclipse.m2e.maven.runtime_3.9.100.20230519-1558\jars\plexus-classworlds-2.6.0.jar
2023-07-26 06:52:17,871 [Worker-21: Launching mavenrun-06463709-0eda-4d3c-943c-710ae3081bd3] INFO  o.eclipse.m2e.core.internal.Bundles - 	Entry: C:\Users\LENOVO T450\.p2\pool\plugins\org.eclipse.m2e.maven.runtime_3.9.100.20230519-1558\jars\plexus-component-annotations-2.1.0.jar
2023-07-26 06:52:17,872 [Worker-21: Launching mavenrun-06463709-0eda-4d3c-943c-710ae3081bd3] INFO  o.eclipse.m2e.core.internal.Bundles - 	Entry: C:\Users\LENOVO T450\.p2\pool\plugins\org.eclipse.m2e.maven.runtime_3.9.100.20230519-1558\jars\plexus-interpolation-1.26.jar
2023-07-26 06:52:17,872 [Worker-21: Launching mavenrun-06463709-0eda-4d3c-943c-710ae3081bd3] INFO  o.eclipse.m2e.core.internal.Bundles - 	Entry: C:\Users\LENOVO T450\.p2\pool\plugins\org.eclipse.m2e.maven.runtime_3.9.100.20230519-1558\jars\plexus-sec-dispatcher-2.0.jar
2023-07-26 06:52:17,873 [Worker-21: Launching mavenrun-06463709-0eda-4d3c-943c-710ae3081bd3] INFO  o.eclipse.m2e.core.internal.Bundles - 	Entry: C:\Users\LENOVO T450\.p2\pool\plugins\org.eclipse.m2e.maven.runtime_3.9.100.20230519-1558\jars\plexus-utils-3.5.1.jar
2023-07-26 06:52:17,873 [Worker-21: Launching mavenrun-06463709-0eda-4d3c-943c-710ae3081bd3] INFO  o.eclipse.m2e.core.internal.Bundles - 	Entry: C:\Users\LENOVO T450\.p2\pool\plugins\org.eclipse.m2e.maven.runtime_3.9.100.20230519-1558\jars\wagon-file-3.5.3.jar
2023-07-26 06:52:17,874 [Worker-21: Launching mavenrun-06463709-0eda-4d3c-943c-710ae3081bd3] INFO  o.eclipse.m2e.core.internal.Bundles - 	Entry: C:\Users\LENOVO T450\.p2\pool\plugins\org.eclipse.m2e.maven.runtime_3.9.100.20230519-1558\jars\wagon-provider-api-3.5.3.jar
2023-07-26 06:52:17,876 [Worker-21: Launching mavenrun-06463709-0eda-4d3c-943c-710ae3081bd3] INFO  o.eclipse.m2e.core.internal.Bundles - getClasspathEntries(Bundle=com.google.guava_31.1.0.jre [11])
2023-07-26 06:52:17,878 [Worker-21: Launching mavenrun-06463709-0eda-4d3c-943c-710ae3081bd3] INFO  o.eclipse.m2e.core.internal.Bundles - 	Entry: C:\Users\LENOVO T450\.p2\pool\plugins\com.google.guava_31.1.0.jre.jar
2023-07-26 06:52:17,878 [Worker-21: Launching mavenrun-06463709-0eda-4d3c-943c-710ae3081bd3] INFO  o.eclipse.m2e.core.internal.Bundles - getClasspathEntries(Bundle=slf4j.api_1.7.36 [518])
2023-07-26 06:52:17,879 [Worker-21: Launching mavenrun-06463709-0eda-4d3c-943c-710ae3081bd3] INFO  o.eclipse.m2e.core.internal.Bundles - 	Entry: C:\Users\LENOVO T450\.p2\pool\plugins\slf4j.api_1.7.36.jar
2023-07-26 06:52:17,879 [Worker-21: Launching mavenrun-06463709-0eda-4d3c-943c-710ae3081bd3] INFO  o.eclipse.m2e.core.internal.Bundles - getClasspathEntries(Bundle=javax.inject_1.0.0.v20220405-0441 [25])
2023-07-26 06:52:17,880 [Worker-21: Launching mavenrun-06463709-0eda-4d3c-943c-710ae3081bd3] INFO  o.eclipse.m2e.core.internal.Bundles - 	Entry: C:\Users\LENOVO T450\.p2\pool\plugins\javax.inject_1.0.0.v20220405-0441.jar
2023-07-26 06:52:17,881 [Worker-21: Launching mavenrun-06463709-0eda-4d3c-943c-710ae3081bd3] INFO  o.eclipse.m2e.core.internal.Bundles - getClasspathEntries(Bundle=javax.annotation_1.3.5.v20230504-0748 [23])
2023-07-26 06:52:17,882 [Worker-21: Launching mavenrun-06463709-0eda-4d3c-943c-710ae3081bd3] INFO  o.eclipse.m2e.core.internal.Bundles - 	Entry: C:\Users\LENOVO T450\.p2\pool\plugins\javax.annotation_1.3.5.v20230504-0748.jar
2023-07-26 06:52:17,883 [Worker-21: Launching mavenrun-06463709-0eda-4d3c-943c-710ae3081bd3] INFO  o.eclipse.m2e.core.internal.Bundles - getClasspathEntries(Bundle=org.apache.commons.cli_1.5.0 [47])
2023-07-26 06:52:17,884 [Worker-21: Launching mavenrun-06463709-0eda-4d3c-943c-710ae3081bd3] INFO  o.eclipse.m2e.core.internal.Bundles - 	Entry: C:\Users\LENOVO T450\.p2\pool\plugins\org.apache.commons.cli_1.5.0.jar
2023-07-26 06:52:17,884 [Worker-21: Launching mavenrun-06463709-0eda-4d3c-943c-710ae3081bd3] INFO  o.eclipse.m2e.core.internal.Bundles - getClasspathEntries(Bundle=com.google.guava.failureaccess_1.0.1 [12])
2023-07-26 06:52:17,886 [Worker-21: Launching mavenrun-06463709-0eda-4d3c-943c-710ae3081bd3] INFO  o.eclipse.m2e.core.internal.Bundles - 	Entry: C:\Users\LENOVO T450\.p2\pool\plugins\com.google.guava.failureaccess_1.0.1.jar
2023-07-26 06:52:17,893 [Worker-21: Launching mavenrun-06463709-0eda-4d3c-943c-710ae3081bd3] INFO  o.e.m.i.launch.MavenLaunchDelegate - Run build in "C:\Users\LENOVO~1\AppData\Local\Temp\m2e-archetypeGenerator3019987792390352667":
2023-07-26 06:52:17,895 [Worker-21: Launching mavenrun-06463709-0eda-4d3c-943c-710ae3081bd3] INFO  o.e.m.i.launch.MavenLaunchDelegate -  mvn  -DarchetypeGroupId=org.apache.maven.archetypes -DarchetypeArtifactId=maven-archetype-quickstart -DarchetypeVersion=1.4 -DgroupId=Pushpa_MVN01 -DartifactId=001y -Dversion=0.0.1-SNAPSHOT -Dpackage=Pushpa_MVN01.y -DoutputDirectory="C:\Users\LENOVO T450\eclipse-workspace" -Dstyle.color=always -U archetype:generate
2023-07-26 07:04:26,415 [Worker-0: Loading available Gradle versions] INFO  o.e.b.c.i.u.g.PublishedGradleVersions - Gradle version information cache is up-to-date. Trying to read.
2023-07-26 07:07:04,110 [ModalContext] INFO  o.e.m.c.i.e.AbstractTransferListenerAdapter - Downloaded https://repo.maven.apache.org/maven2/org/apache/maven/archetypes/maven-archetype-quickstart/1.1/maven-archetype-quickstart-1.1.pom
2023-07-26 07:07:14,159 [Worker-10: Launching mavenrun-abc7c6cb-f021-4ebf-b596-9f1d96a3ff4b] INFO  o.eclipse.m2e.core.internal.Bundles - getClasspathEntries(Bundle=org.eclipse.m2e.maven.runtime_3.9.100.20230519-1558 [290])
2023-07-26 07:07:14,165 [Worker-10: Launching mavenrun-abc7c6cb-f021-4ebf-b596-9f1d96a3ff4b] INFO  o.eclipse.m2e.core.internal.Bundles - 	Entry: C:\Users\LENOVO T450\.p2\pool\plugins\org.eclipse.m2e.maven.runtime_3.9.100.20230519-1558
2023-07-26 07:07:14,166 [Worker-10: Launching mavenrun-abc7c6cb-f021-4ebf-b596-9f1d96a3ff4b] INFO  o.eclipse.m2e.core.internal.Bundles - 	Entry: C:\Users\LENOVO T450\.p2\pool\plugins\org.eclipse.m2e.maven.runtime_3.9.100.20230519-1558\jars\aether-connector-okhttp-0.17.8.jar
2023-07-26 07:07:14,167 [Worker-10: Launching mavenrun-abc7c6cb-f021-4ebf-b596-9f1d96a3ff4b] INFO  o.eclipse.m2e.core.internal.Bundles - 	Entry: C:\Users\LENOVO T450\.p2\pool\plugins\org.eclipse.m2e.maven.runtime_3.9.100.20230519-1558\jars\aopalliance-1.0.jar
2023-07-26 07:07:14,167 [Worker-10: Launching mavenrun-abc7c6cb-f021-4ebf-b596-9f1d96a3ff4b] INFO  o.eclipse.m2e.core.internal.Bundles - 	Entry: C:\Users\LENOVO T450\.p2\pool\plugins\org.eclipse.m2e.maven.runtime_3.9.100.20230519-1558\jars\commons-lang3-3.8.1.jar
2023-07-26 07:07:14,168 [Worker-10: Launching mavenrun-abc7c6cb-f021-4ebf-b596-9f1d96a3ff4b] INFO  o.eclipse.m2e.core.internal.Bundles - 	Entry: C:\Users\LENOVO T450\.p2\pool\plugins\org.eclipse.m2e.maven.runtime_3.9.100.20230519-1558\jars\failureaccess-1.0.1.jar
2023-07-26 07:07:14,168 [Worker-10: Launching mavenrun-abc7c6cb-f021-4ebf-b596-9f1d96a3ff4b] INFO  o.eclipse.m2e.core.internal.Bundles - 	Entry: C:\Users\LENOVO T450\.p2\pool\plugins\org.eclipse.m2e.maven.runtime_3.9.100.20230519-1558\jars\guava-30.1-jre.jar
2023-07-26 07:07:14,169 [Worker-10: Launching mavenrun-abc7c6cb-f021-4ebf-b596-9f1d96a3ff4b] INFO  o.eclipse.m2e.core.internal.Bundles - 	Entry: C:\Users\LENOVO T450\.p2\pool\plugins\org.eclipse.m2e.maven.runtime_3.9.100.20230519-1558\jars\guice-5.1.0.jar
2023-07-26 07:07:14,169 [Worker-10: Launching mavenrun-abc7c6cb-f021-4ebf-b596-9f1d96a3ff4b] INFO  o.eclipse.m2e.core.internal.Bundles - 	Entry: C:\Users\LENOVO T450\.p2\pool\plugins\org.eclipse.m2e.maven.runtime_3.9.100.20230519-1558\jars\jansi-2.4.0.jar
2023-07-26 07:07:14,170 [Worker-10: Launching mavenrun-abc7c6cb-f021-4ebf-b596-9f1d96a3ff4b] INFO  o.eclipse.m2e.core.internal.Bundles - 	Entry: C:\Users\LENOVO T450\.p2\pool\plugins\org.eclipse.m2e.maven.runtime_3.9.100.20230519-1558\jars\maven-artifact-3.9.1.jar
2023-07-26 07:07:14,170 [Worker-10: Launching mavenrun-abc7c6cb-f021-4ebf-b596-9f1d96a3ff4b] INFO  o.eclipse.m2e.core.internal.Bundles - 	Entry: C:\Users\LENOVO T450\.p2\pool\plugins\org.eclipse.m2e.maven.runtime_3.9.100.20230519-1558\jars\maven-builder-support-3.9.1.jar
2023-07-26 07:07:14,171 [Worker-10: Launching mavenrun-abc7c6cb-f021-4ebf-b596-9f1d96a3ff4b] INFO  o.eclipse.m2e.core.internal.Bundles - 	Entry: C:\Users\LENOVO T450\.p2\pool\plugins\org.eclipse.m2e.maven.runtime_3.9.100.20230519-1558\jars\maven-compat-3.9.1.jar
2023-07-26 07:07:14,171 [Worker-10: Launching mavenrun-abc7c6cb-f021-4ebf-b596-9f1d96a3ff4b] INFO  o.eclipse.m2e.core.internal.Bundles - 	Entry: C:\Users\LENOVO T450\.p2\pool\plugins\org.eclipse.m2e.maven.runtime_3.9.100.20230519-1558\jars\maven-core-3.9.1.jar
2023-07-26 07:07:14,172 [Worker-10: Launching mavenrun-abc7c6cb-f021-4ebf-b596-9f1d96a3ff4b] INFO  o.eclipse.m2e.core.internal.Bundles - 	Entry: C:\Users\LENOVO T450\.p2\pool\plugins\org.eclipse.m2e.maven.runtime_3.9.100.20230519-1558\jars\maven-embedder-3.9.1.jar
2023-07-26 07:07:14,172 [Worker-10: Launching mavenrun-abc7c6cb-f021-4ebf-b596-9f1d96a3ff4b] INFO  o.eclipse.m2e.core.internal.Bundles - 	Entry: C:\Users\LENOVO T450\.p2\pool\plugins\org.eclipse.m2e.maven.runtime_3.9.100.20230519-1558\jars\maven-model-3.9.1.jar
2023-07-26 07:07:14,173 [Worker-10: Launching mavenrun-abc7c6cb-f021-4ebf-b596-9f1d96a3ff4b] INFO  o.eclipse.m2e.core.internal.Bundles - 	Entry: C:\Users\LENOVO T450\.p2\pool\plugins\org.eclipse.m2e.maven.runtime_3.9.100.20230519-1558\jars\maven-model-builder-3.9.1.jar
2023-07-26 07:07:14,173 [Worker-10: Launching mavenrun-abc7c6cb-f021-4ebf-b596-9f1d96a3ff4b] INFO  o.eclipse.m2e.core.internal.Bundles - 	Entry: C:\Users\LENOVO T450\.p2\pool\plugins\org.eclipse.m2e.maven.runtime_3.9.100.20230519-1558\jars\maven-plugin-api-3.9.1.jar
2023-07-26 07:07:14,174 [Worker-10: Launching mavenrun-abc7c6cb-f021-4ebf-b596-9f1d96a3ff4b] INFO  o.eclipse.m2e.core.internal.Bundles - 	Entry: C:\Users\LENOVO T450\.p2\pool\plugins\org.eclipse.m2e.maven.runtime_3.9.100.20230519-1558\jars\maven-repository-metadata-3.9.1.jar
2023-07-26 07:07:14,175 [Worker-10: Launching mavenrun-abc7c6cb-f021-4ebf-b596-9f1d96a3ff4b] INFO  o.eclipse.m2e.core.internal.Bundles - 	Entry: C:\Users\LENOVO T450\.p2\pool\plugins\org.eclipse.m2e.maven.runtime_3.9.100.20230519-1558\jars\maven-resolver-api-1.9.7.jar
2023-07-26 07:07:14,175 [Worker-10: Launching mavenrun-abc7c6cb-f021-4ebf-b596-9f1d96a3ff4b] INFO  o.eclipse.m2e.core.internal.Bundles - 	Entry: C:\Users\LENOVO T450\.p2\pool\plugins\org.eclipse.m2e.maven.runtime_3.9.100.20230519-1558\jars\maven-resolver-connector-basic-1.9.7.jar
2023-07-26 07:07:14,175 [Worker-10: Launching mavenrun-abc7c6cb-f021-4ebf-b596-9f1d96a3ff4b] INFO  o.eclipse.m2e.core.internal.Bundles - 	Entry: C:\Users\LENOVO T450\.p2\pool\plugins\org.eclipse.m2e.maven.runtime_3.9.100.20230519-1558\jars\maven-resolver-impl-1.9.7.jar
2023-07-26 07:07:14,176 [Worker-10: Launching mavenrun-abc7c6cb-f021-4ebf-b596-9f1d96a3ff4b] INFO  o.eclipse.m2e.core.internal.Bundles - 	Entry: C:\Users\LENOVO T450\.p2\pool\plugins\org.eclipse.m2e.maven.runtime_3.9.100.20230519-1558\jars\maven-resolver-named-locks-1.9.7.jar
2023-07-26 07:07:14,176 [Worker-10: Launching mavenrun-abc7c6cb-f021-4ebf-b596-9f1d96a3ff4b] INFO  o.eclipse.m2e.core.internal.Bundles - 	Entry: C:\Users\LENOVO T450\.p2\pool\plugins\org.eclipse.m2e.maven.runtime_3.9.100.20230519-1558\jars\maven-resolver-provider-3.9.1.jar
2023-07-26 07:07:14,177 [Worker-10: Launching mavenrun-abc7c6cb-f021-4ebf-b596-9f1d96a3ff4b] INFO  o.eclipse.m2e.core.internal.Bundles - 	Entry: C:\Users\LENOVO T450\.p2\pool\plugins\org.eclipse.m2e.maven.runtime_3.9.100.20230519-1558\jars\maven-resolver-spi-1.9.7.jar
2023-07-26 07:07:14,177 [Worker-10: Launching mavenrun-abc7c6cb-f021-4ebf-b596-9f1d96a3ff4b] INFO  o.eclipse.m2e.core.internal.Bundles - 	Entry: C:\Users\LENOVO T450\.p2\pool\plugins\org.eclipse.m2e.maven.runtime_3.9.100.20230519-1558\jars\maven-resolver-transport-wagon-1.9.7.jar
2023-07-26 07:07:14,178 [Worker-10: Launching mavenrun-abc7c6cb-f021-4ebf-b596-9f1d96a3ff4b] INFO  o.eclipse.m2e.core.internal.Bundles - 	Entry: C:\Users\LENOVO T450\.p2\pool\plugins\org.eclipse.m2e.maven.runtime_3.9.100.20230519-1558\jars\maven-resolver-util-1.9.7.jar
2023-07-26 07:07:14,178 [Worker-10: Launching mavenrun-abc7c6cb-f021-4ebf-b596-9f1d96a3ff4b] INFO  o.eclipse.m2e.core.internal.Bundles - 	Entry: C:\Users\LENOVO T450\.p2\pool\plugins\org.eclipse.m2e.maven.runtime_3.9.100.20230519-1558\jars\maven-settings-3.9.1.jar
2023-07-26 07:07:14,178 [Worker-10: Launching mavenrun-abc7c6cb-f021-4ebf-b596-9f1d96a3ff4b] INFO  o.eclipse.m2e.core.internal.Bundles - 	Entry: C:\Users\LENOVO T450\.p2\pool\plugins\org.eclipse.m2e.maven.runtime_3.9.100.20230519-1558\jars\maven-settings-builder-3.9.1.jar
2023-07-26 07:07:14,179 [Worker-10: Launching mavenrun-abc7c6cb-f021-4ebf-b596-9f1d96a3ff4b] INFO  o.eclipse.m2e.core.internal.Bundles - 	Entry: C:\Users\LENOVO T450\.p2\pool\plugins\org.eclipse.m2e.maven.runtime_3.9.100.20230519-1558\jars\maven-shared-utils-3.3.4.jar
2023-07-26 07:07:14,179 [Worker-10: Launching mavenrun-abc7c6cb-f021-4ebf-b596-9f1d96a3ff4b] INFO  o.eclipse.m2e.core.internal.Bundles - 	Entry: C:\Users\LENOVO T450\.p2\pool\plugins\org.eclipse.m2e.maven.runtime_3.9.100.20230519-1558\jars\okhttp-3.14.1.jar
2023-07-26 07:07:14,180 [Worker-10: Launching mavenrun-abc7c6cb-f021-4ebf-b596-9f1d96a3ff4b] INFO  o.eclipse.m2e.core.internal.Bundles - 	Entry: C:\Users\LENOVO T450\.p2\pool\plugins\org.eclipse.m2e.maven.runtime_3.9.100.20230519-1558\jars\okio-1.17.3.jar
2023-07-26 07:07:14,180 [Worker-10: Launching mavenrun-abc7c6cb-f021-4ebf-b596-9f1d96a3ff4b] INFO  o.eclipse.m2e.core.internal.Bundles - 	Entry: C:\Users\LENOVO T450\.p2\pool\plugins\org.eclipse.m2e.maven.runtime_3.9.100.20230519-1558\jars\org.eclipse.sisu.inject-0.3.5.jar
2023-07-26 07:07:14,181 [Worker-10: Launching mavenrun-abc7c6cb-f021-4ebf-b596-9f1d96a3ff4b] INFO  o.eclipse.m2e.core.internal.Bundles - 	Entry: C:\Users\LENOVO T450\.p2\pool\plugins\org.eclipse.m2e.maven.runtime_3.9.100.20230519-1558\jars\org.eclipse.sisu.plexus-0.3.5.jar
2023-07-26 07:07:14,181 [Worker-10: Launching mavenrun-abc7c6cb-f021-4ebf-b596-9f1d96a3ff4b] INFO  o.eclipse.m2e.core.internal.Bundles - 	Entry: C:\Users\LENOVO T450\.p2\pool\plugins\org.eclipse.m2e.maven.runtime_3.9.100.20230519-1558\jars\plexus-build-api-0.0.7.jar
2023-07-26 07:07:14,181 [Worker-10: Launching mavenrun-abc7c6cb-f021-4ebf-b596-9f1d96a3ff4b] INFO  o.eclipse.m2e.core.internal.Bundles - 	Entry: C:\Users\LENOVO T450\.p2\pool\plugins\org.eclipse.m2e.maven.runtime_3.9.100.20230519-1558\jars\plexus-cipher-2.0.jar
2023-07-26 07:07:14,182 [Worker-10: Launching mavenrun-abc7c6cb-f021-4ebf-b596-9f1d96a3ff4b] INFO  o.eclipse.m2e.core.internal.Bundles - 	Entry: C:\Users\LENOVO T450\.p2\pool\plugins\org.eclipse.m2e.maven.runtime_3.9.100.20230519-1558\jars\plexus-classworlds-2.6.0.jar
2023-07-26 07:07:14,182 [Worker-10: Launching mavenrun-abc7c6cb-f021-4ebf-b596-9f1d96a3ff4b] INFO  o.eclipse.m2e.core.internal.Bundles - 	Entry: C:\Users\LENOVO T450\.p2\pool\plugins\org.eclipse.m2e.maven.runtime_3.9.100.20230519-1558\jars\plexus-component-annotations-2.1.0.jar
2023-07-26 07:07:14,183 [Worker-10: Launching mavenrun-abc7c6cb-f021-4ebf-b596-9f1d96a3ff4b] INFO  o.eclipse.m2e.core.internal.Bundles - 	Entry: C:\Users\LENOVO T450\.p2\pool\plugins\org.eclipse.m2e.maven.runtime_3.9.100.20230519-1558\jars\plexus-interpolation-1.26.jar
2023-07-26 07:07:14,184 [Worker-10: Launching mavenrun-abc7c6cb-f021-4ebf-b596-9f1d96a3ff4b] INFO  o.eclipse.m2e.core.internal.Bundles - 	Entry: C:\Users\LENOVO T450\.p2\pool\plugins\org.eclipse.m2e.maven.runtime_3.9.100.20230519-1558\jars\plexus-sec-dispatcher-2.0.jar
2023-07-26 07:07:14,184 [Worker-10: Launching mavenrun-abc7c6cb-f021-4ebf-b596-9f1d96a3ff4b] INFO  o.eclipse.m2e.core.internal.Bundles - 	Entry: C:\Users\LENOVO T450\.p2\pool\plugins\org.eclipse.m2e.maven.runtime_3.9.100.20230519-1558\jars\plexus-utils-3.5.1.jar
2023-07-26 07:07:14,185 [Worker-10: Launching mavenrun-abc7c6cb-f021-4ebf-b596-9f1d96a3ff4b] INFO  o.eclipse.m2e.core.internal.Bundles - 	Entry: C:\Users\LENOVO T450\.p2\pool\plugins\org.eclipse.m2e.maven.runtime_3.9.100.20230519-1558\jars\wagon-file-3.5.3.jar
2023-07-26 07:07:14,185 [Worker-10: Launching mavenrun-abc7c6cb-f021-4ebf-b596-9f1d96a3ff4b] INFO  o.eclipse.m2e.core.internal.Bundles - 	Entry: C:\Users\LENOVO T450\.p2\pool\plugins\org.eclipse.m2e.maven.runtime_3.9.100.20230519-1558\jars\wagon-provider-api-3.5.3.jar
2023-07-26 07:07:14,188 [Worker-10: Launching mavenrun-abc7c6cb-f021-4ebf-b596-9f1d96a3ff4b] INFO  o.eclipse.m2e.core.internal.Bundles - getClasspathEntries(Bundle=com.google.guava_31.1.0.jre [11])
2023-07-26 07:07:14,189 [Worker-10: Launching mavenrun-abc7c6cb-f021-4ebf-b596-9f1d96a3ff4b] INFO  o.eclipse.m2e.core.internal.Bundles - 	Entry: C:\Users\LENOVO T450\.p2\pool\plugins\com.google.guava_31.1.0.jre.jar
2023-07-26 07:07:14,190 [Worker-10: Launching mavenrun-abc7c6cb-f021-4ebf-b596-9f1d96a3ff4b] INFO  o.eclipse.m2e.core.internal.Bundles - getClasspathEntries(Bundle=slf4j.api_1.7.36 [518])
2023-07-26 07:07:14,193 [Worker-10: Launching mavenrun-abc7c6cb-f021-4ebf-b596-9f1d96a3ff4b] INFO  o.eclipse.m2e.core.internal.Bundles - 	Entry: C:\Users\LENOVO T450\.p2\pool\plugins\slf4j.api_1.7.36.jar
2023-07-26 07:07:14,193 [Worker-10: Launching mavenrun-abc7c6cb-f021-4ebf-b596-9f1d96a3ff4b] INFO  o.eclipse.m2e.core.internal.Bundles - getClasspathEntries(Bundle=javax.inject_1.0.0.v20220405-0441 [25])
2023-07-26 07:07:14,195 [Worker-10: Launching mavenrun-abc7c6cb-f021-4ebf-b596-9f1d96a3ff4b] INFO  o.eclipse.m2e.core.internal.Bundles - 	Entry: C:\Users\LENOVO T450\.p2\pool\plugins\javax.inject_1.0.0.v20220405-0441.jar
2023-07-26 07:07:14,195 [Worker-10: Launching mavenrun-abc7c6cb-f021-4ebf-b596-9f1d96a3ff4b] INFO  o.eclipse.m2e.core.internal.Bundles - getClasspathEntries(Bundle=javax.annotation_1.3.5.v20230504-0748 [23])
2023-07-26 07:07:14,197 [Worker-10: Launching mavenrun-abc7c6cb-f021-4ebf-b596-9f1d96a3ff4b] INFO  o.eclipse.m2e.core.internal.Bundles - 	Entry: C:\Users\LENOVO T450\.p2\pool\plugins\javax.annotation_1.3.5.v20230504-0748.jar
2023-07-26 07:07:14,198 [Worker-10: Launching mavenrun-abc7c6cb-f021-4ebf-b596-9f1d96a3ff4b] INFO  o.eclipse.m2e.core.internal.Bundles - getClasspathEntries(Bundle=org.apache.commons.cli_1.5.0 [47])
2023-07-26 07:07:14,199 [Worker-10: Launching mavenrun-abc7c6cb-f021-4ebf-b596-9f1d96a3ff4b] INFO  o.eclipse.m2e.core.internal.Bundles - 	Entry: C:\Users\LENOVO T450\.p2\pool\plugins\org.apache.commons.cli_1.5.0.jar
2023-07-26 07:07:14,199 [Worker-10: Launching mavenrun-abc7c6cb-f021-4ebf-b596-9f1d96a3ff4b] INFO  o.eclipse.m2e.core.internal.Bundles - getClasspathEntries(Bundle=com.google.guava.failureaccess_1.0.1 [12])
2023-07-26 07:07:14,201 [Worker-10: Launching mavenrun-abc7c6cb-f021-4ebf-b596-9f1d96a3ff4b] INFO  o.eclipse.m2e.core.internal.Bundles - 	Entry: C:\Users\LENOVO T450\.p2\pool\plugins\com.google.guava.failureaccess_1.0.1.jar
2023-07-26 07:07:14,206 [Worker-10: Launching mavenrun-abc7c6cb-f021-4ebf-b596-9f1d96a3ff4b] INFO  o.e.m.i.launch.MavenLaunchDelegate - Run build in "C:\Users\LENOVO~1\AppData\Local\Temp\m2e-archetypeGenerator17558669740635020593":
2023-07-26 07:07:14,217 [Worker-10: Launching mavenrun-abc7c6cb-f021-4ebf-b596-9f1d96a3ff4b] INFO  o.e.m.i.launch.MavenLaunchDelegate -  mvn  -DarchetypeGroupId=org.apache.maven.archetypes -DarchetypeArtifactId=maven-archetype-quickstart -DarchetypeVersion=1.1 -DgroupId=Pushpa_MVN01 -DartifactId=01P -Dversion=0.0.1-SNAPSHOT -Dpackage=Pushpa_MVN01.P -DoutputDirectory="C:\Users\LENOVO T450\eclipse-workspace" -Dstyle.color=always -U archetype:generate
2023-07-26 07:08:27,787 [ModalContext] INFO  o.e.m.c.i.e.AbstractTransferListenerAdapter - Downloading https://repo.maven.apache.org/maven2/org/apache/maven/archetypes/maven-archetype-quickstart/1.4/maven-archetype-quickstart-1.4.pom
2023-07-26 07:08:27,862 [ModalContext] INFO  o.e.m.c.i.e.AbstractTransferListenerAdapter - Downloaded https://repo.maven.apache.org/maven2/org/apache/maven/archetypes/maven-archetype-quickstart/1.4/maven-archetype-quickstart-1.4.pom
2023-07-26 07:08:27,987 [ModalContext] INFO  o.e.m.c.i.e.AbstractTransferListenerAdapter - Downloading https://repo.maven.apache.org/maven2/org/apache/maven/archetypes/maven-archetype-bundles/1.4/maven-archetype-bundles-1.4.pom
2023-07-26 07:08:28,098 [ModalContext] INFO  o.e.m.c.i.e.AbstractTransferListenerAdapter - Downloaded https://repo.maven.apache.org/maven2/org/apache/maven/archetypes/maven-archetype-bundles/1.4/maven-archetype-bundles-1.4.pom
2023-07-26 07:08:28,157 [ModalContext] INFO  o.e.m.c.i.e.AbstractTransferListenerAdapter - Downloading https://repo.maven.apache.org/maven2/org/apache/maven/maven-parent/33/maven-parent-33.pom
2023-07-26 07:08:28,288 [ModalContext] INFO  o.e.m.c.i.e.AbstractTransferListenerAdapter - Downloaded https://repo.maven.apache.org/maven2/org/apache/maven/maven-parent/33/maven-parent-33.pom
2023-07-26 07:08:28,432 [ModalContext] INFO  o.e.m.c.i.e.AbstractTransferListenerAdapter - Downloading https://repo.maven.apache.org/maven2/org/apache/apache/21/apache-21.pom
2023-07-26 07:08:28,520 [ModalContext] INFO  o.e.m.c.i.e.AbstractTransferListenerAdapter - Downloaded https://repo.maven.apache.org/maven2/org/apache/apache/21/apache-21.pom
2023-07-26 07:08:28,603 [ModalContext] INFO  o.e.m.c.i.e.AbstractTransferListenerAdapter - Downloading https://repo.maven.apache.org/maven2/org/apache/maven/archetypes/maven-archetype-quickstart/1.4/maven-archetype-quickstart-1.4.jar
2023-07-26 07:08:28,665 [ModalContext] INFO  o.e.m.c.i.e.AbstractTransferListenerAdapter - Downloaded https://repo.maven.apache.org/maven2/org/apache/maven/archetypes/maven-archetype-quickstart/1.4/maven-archetype-quickstart-1.4.jar
2023-07-26 07:08:38,987 [Worker-3: Launching mavenrun-9204942d-b550-4f7f-b763-73255872a5ce] INFO  o.e.m.i.launch.MavenLaunchDelegate - Run build in "C:\Users\LENOVO~1\AppData\Local\Temp\m2e-archetypeGenerator11999072869560535338":
2023-07-26 07:08:38,988 [Worker-3: Launching mavenrun-9204942d-b550-4f7f-b763-73255872a5ce] INFO  o.e.m.i.launch.MavenLaunchDelegate -  mvn  -DarchetypeGroupId=org.apache.maven.archetypes -DarchetypeArtifactId=maven-archetype-quickstart -DarchetypeVersion=1.4 -DgroupId=Pushpa_MVN01 -DartifactId=001v -Dversion=0.0.1-SNAPSHOT -Dpackage=Pushpa_MVN01.v -DoutputDirectory="C:\Users\LENOVO T450\eclipse-workspace" -Dstyle.color=always -U archetype:generate
2023-07-26 09:32:31,569 [Worker-2: Loading available Gradle versions] INFO  o.e.b.c.i.u.g.PublishedGradleVersions - Gradle version information cache is up-to-date. Trying to read.
2023-07-31 02:53:36,694 [Worker-1: Loading available Gradle versions] INFO  o.e.b.c.i.u.g.PublishedGradleVersions - Gradle version information cache is out-of-date. Trying to update.
2023-07-31 17:36:47,143 [Worker-0: Loading available Gradle versions] INFO  o.e.b.c.i.u.g.PublishedGradleVersions - Gradle version information cache is up-to-date. Trying to read.
2023-07-31 17:47:08,547 [Worker-1: Loading available Gradle versions] INFO  o.e.b.c.i.u.g.PublishedGradleVersions - Gradle version information cache is up-to-date. Trying to read.
2023-07-31 17:58:21,853 [Worker-0: Loading available Gradle versions] INFO  o.e.b.c.i.u.g.PublishedGradleVersions - Gradle version information cache is up-to-date. Trying to read.
